[2016-01-06 23:23:03] Connection error: No such file or directory <>
[2016-01-06 23:23:03] Could node connect for query: SELECT `id` , `parent_id` , `position` , `left` , `right` , `level` , `title` , `type` FROM `tree` WHERE `parent_id` = 1 ORDER BY `position` ASC <>
[2016-01-06 23:23:03] No query pending <>
[2016-01-06 23:23:03] TRUNCATE TABLE `tree` <>
[2016-01-06 23:23:03] INSERT INTO `tree` (`id`, `parent_id`, `position`, `left`, `right`, `level` ) VALUES (1, 0, 0, 1, 2, 0 ) <>
[2016-01-06 23:23:03] SELECT `id` , `parent_id` , `position` , `left` , `right` , `level` , `title` , `type` FROM `tree` WHERE `id` = 0 <>
[2016-01-06 23:23:03] No query pending <>
[2016-01-06 23:23:03] nf: no result set <>
[2016-01-06 23:23:03] SELECT `id` , `parent_id` , `position` , `left` , `right` , `level` , `title` , `type` FROM `tree` WHERE `parent_id` = 0 ORDER BY `position` ASC <>
[2016-01-06 23:23:03] No query pending <>
[2016-01-06 23:23:03] SELECT `id` , `parent_id` , `position` , `left` , `right` , `level` , `title` , `type` FROM `tree` WHERE `id` = 1 <>
[2016-01-06 23:23:03] No query pending <>
[2016-01-06 23:23:03] nf: no result set <>
[2016-01-06 23:23:03] SELECT `id` , `parent_id` , `position` , `left` , `right` , `level` , `title` , `type` FROM `tree` WHERE `parent_id` = 1 ORDER BY `position` ASC <>
[2016-01-06 23:23:03] No query pending <>
[2016-01-06 23:23:03] UPDATE `tree` SET `position` = `position` + 1 WHERE `parent_id` = 1 AND `position` >= 0  AND `id` NOT IN (-1)  <>
[2016-01-06 23:23:03] UPDATE `tree` SET `left` = `left` + 2 WHERE `left` >= 1  AND `id` NOT IN (-1)  <>
[2016-01-06 23:23:03] UPDATE `tree` SET `right` = `right` + 2 WHERE `right` >= 1  AND `id` NOT IN (-1)  <>
[2016-01-06 23:23:03] INSERT INTO `tree` (`parent_id`, `position`, `left`, `right`, `level` ) VALUES (1, 0, 1, 2, 1) <>
[2016-01-06 23:23:03] SELECT `id` , `parent_id` , `position` , `left` , `right` , `level` , `title` , `type` FROM `tree` WHERE `id` = 0 <>
[2016-01-06 23:23:03] No query pending <>
[2016-01-06 23:23:03] nf: no result set <>
[2016-01-06 23:23:03] SELECT `id` , `parent_id` , `position` , `left` , `right` , `level` , `title` , `type` FROM `tree` WHERE `parent_id` = 0 ORDER BY `position` ASC <>
[2016-01-06 23:23:03] No query pending <>
[2016-01-06 23:23:03] SELECT `id` , `parent_id` , `position` , `left` , `right` , `level` , `title` , `type` FROM `tree` WHERE `id` = 1 <>
[2016-01-06 23:23:03] No query pending <>
[2016-01-06 23:23:03] nf: no result set <>
[2016-01-06 23:23:03] SELECT `id` , `parent_id` , `position` , `left` , `right` , `level` , `title` , `type` FROM `tree` WHERE `parent_id` = 1 ORDER BY `position` ASC <>
[2016-01-06 23:23:03] No query pending <>
[2016-01-06 23:23:03] UPDATE `tree` SET `position` = `position` + 1 WHERE `parent_id` = 1 AND `position` >= 0  AND `id` NOT IN (-1)  <>
[2016-01-06 23:23:03] UPDATE `tree` SET `left` = `left` + 2 WHERE `left` >= 1  AND `id` NOT IN (-1)  <>
[2016-01-06 23:23:03] UPDATE `tree` SET `right` = `right` + 2 WHERE `right` >= 1  AND `id` NOT IN (-1)  <>
[2016-01-06 23:23:03] INSERT INTO `tree` (`parent_id`, `position`, `left`, `right`, `level` ) VALUES (1, 0, 1, 2, 1) <>
[2016-01-06 23:23:03] SELECT `id` , `parent_id` , `position` , `left` , `right` , `level` , `title` , `type` FROM `tree` WHERE `id` = 0 <>
[2016-01-06 23:23:03] No query pending <>
[2016-01-06 23:23:03] nf: no result set <>
[2016-01-06 23:23:03] SELECT `id` , `parent_id` , `position` , `left` , `right` , `level` , `title` , `type` FROM `tree` WHERE `parent_id` = 0 ORDER BY `position` ASC <>
[2016-01-06 23:23:03] No query pending <>
[2016-01-06 23:23:03] SELECT `id` , `parent_id` , `position` , `left` , `right` , `level` , `title` , `type` FROM `tree` WHERE `id` = 2 <>
[2016-01-06 23:23:03] No query pending <>
[2016-01-06 23:23:03] nf: no result set <>
[2016-01-06 23:23:03] SELECT `id` , `parent_id` , `position` , `left` , `right` , `level` , `title` , `type` FROM `tree` WHERE `parent_id` = 2 ORDER BY `position` ASC <>
[2016-01-06 23:23:03] No query pending <>
[2016-01-06 23:23:03] UPDATE `tree` SET `position` = `position` + 1 WHERE `parent_id` = 2 AND `position` >= 0  AND `id` NOT IN (-1)  <>
[2016-01-06 23:23:03] UPDATE `tree` SET `left` = `left` + 2 WHERE `left` >= 1  AND `id` NOT IN (-1)  <>
[2016-01-06 23:23:03] UPDATE `tree` SET `right` = `right` + 2 WHERE `right` >= 1  AND `id` NOT IN (-1)  <>
[2016-01-06 23:23:03] INSERT INTO `tree` (`parent_id`, `position`, `left`, `right`, `level` ) VALUES (2, 0, 1, 2, 1) <>
[2016-01-06 23:23:03] SELECT `id` , `parent_id` , `position` , `left` , `right` , `level` , `title` , `type` FROM `tree` WHERE `id` = 0 <>
[2016-01-06 23:23:03] No query pending <>
[2016-01-06 23:23:03] nf: no result set <>
[2016-01-06 23:23:03] SELECT `id` , `parent_id` , `position` , `left` , `right` , `level` , `title` , `type` FROM `tree` WHERE `parent_id` = 0 ORDER BY `position` ASC <>
[2016-01-06 23:23:03] No query pending <>
[2016-01-06 23:23:03] SELECT `id` , `parent_id` , `position` , `left` , `right` , `level` , `title` , `type` FROM `tree` WHERE `id` = 2 <>
[2016-01-06 23:23:03] No query pending <>
[2016-01-06 23:23:03] nf: no result set <>
[2016-01-06 23:23:03] SELECT `id` , `parent_id` , `position` , `left` , `right` , `level` , `title` , `type` FROM `tree` WHERE `parent_id` = 2 ORDER BY `position` ASC <>
[2016-01-06 23:23:03] No query pending <>
[2016-01-06 23:23:03] UPDATE `tree` SET `position` = `position` + 1 WHERE `parent_id` = 2 AND `position` >= 0  AND `id` NOT IN (-1)  <>
[2016-01-06 23:23:03] UPDATE `tree` SET `left` = `left` + 2 WHERE `left` >= 1  AND `id` NOT IN (-1)  <>
[2016-01-06 23:23:03] UPDATE `tree` SET `right` = `right` + 2 WHERE `right` >= 1  AND `id` NOT IN (-1)  <>
[2016-01-06 23:23:03] INSERT INTO `tree` (`parent_id`, `position`, `left`, `right`, `level` ) VALUES (2, 0, 1, 2, 1) <>
[2016-01-06 23:23:03] SELECT `id` , `parent_id` , `position` , `left` , `right` , `level` , `title` , `type` FROM `tree` WHERE `id` = 0 <>
[2016-01-06 23:23:03] No query pending <>
[2016-01-06 23:23:03] nf: no result set <>
[2016-01-06 23:23:03] SELECT `id` , `parent_id` , `position` , `left` , `right` , `level` , `title` , `type` FROM `tree` WHERE `parent_id` = 0 ORDER BY `position` ASC <>
[2016-01-06 23:23:03] No query pending <>
[2016-01-06 23:23:03] SELECT `id` , `parent_id` , `position` , `left` , `right` , `level` , `title` , `type` FROM `tree` WHERE `id` = 4 <>
[2016-01-06 23:23:03] No query pending <>
[2016-01-06 23:23:03] nf: no result set <>
[2016-01-06 23:23:03] SELECT `id` , `parent_id` , `position` , `left` , `right` , `level` , `title` , `type` FROM `tree` WHERE `parent_id` = 4 ORDER BY `position` ASC <>
[2016-01-06 23:23:03] No query pending <>
[2016-01-06 23:23:03] UPDATE `tree` SET `position` = `position` + 1 WHERE `parent_id` = 4 AND `position` >= 0  AND `id` NOT IN (-1)  <>
[2016-01-06 23:23:03] UPDATE `tree` SET `left` = `left` + 2 WHERE `left` >= 1  AND `id` NOT IN (-1)  <>
[2016-01-06 23:23:03] UPDATE `tree` SET `right` = `right` + 2 WHERE `right` >= 1  AND `id` NOT IN (-1)  <>
[2016-01-06 23:23:03] INSERT INTO `tree` (`parent_id`, `position`, `left`, `right`, `level` ) VALUES (4, 0, 1, 2, 1) <>
[2016-01-06 23:23:03] SELECT `id` , `parent_id` , `position` , `left` , `right` , `level` , `title` , `type` FROM `tree` WHERE `id` = 0 <>
[2016-01-06 23:23:03] No query pending <>
[2016-01-06 23:23:03] nf: no result set <>
[2016-01-06 23:23:03] SELECT `id` , `parent_id` , `position` , `left` , `right` , `level` , `title` , `type` FROM `tree` WHERE `parent_id` = 0 ORDER BY `position` ASC <>
[2016-01-06 23:23:03] No query pending <>
[2016-01-06 23:23:03] SELECT `id` , `parent_id` , `position` , `left` , `right` , `level` , `title` , `type` FROM `tree` WHERE `id` = 5 <>
[2016-01-06 23:23:03] No query pending <>
[2016-01-06 23:23:03] nf: no result set <>
[2016-01-06 23:23:03] SELECT `id` , `parent_id` , `position` , `left` , `right` , `level` , `title` , `type` FROM `tree` WHERE `parent_id` = 5 ORDER BY `position` ASC <>
[2016-01-06 23:23:03] No query pending <>
[2016-01-06 23:23:03] UPDATE `tree` SET `position` = `position` + 1 WHERE `parent_id` = 5 AND `position` >= 0  AND `id` NOT IN (-1)  <>
[2016-01-06 23:23:03] UPDATE `tree` SET `left` = `left` + 2 WHERE `left` >= 1  AND `id` NOT IN (-1)  <>
[2016-01-06 23:23:03] UPDATE `tree` SET `right` = `right` + 2 WHERE `right` >= 1  AND `id` NOT IN (-1)  <>
[2016-01-06 23:23:03] INSERT INTO `tree` (`parent_id`, `position`, `left`, `right`, `level` ) VALUES (5, 0, 1, 2, 1) <>
[2016-01-06 23:23:03] SELECT `id` , `parent_id` , `position` , `left` , `right` , `level` , `title` , `type` FROM `tree` WHERE `parent_id` = 1 ORDER BY `position` ASC <>
[2016-01-06 23:23:03] No query pending <>
